# Logfile created on Sat May 21 12:54:21 +1000 2011 by logger.rb/22285
REQUESTING PAGE: GET /signup with {} and HTTP headers {}
REQUESTING PAGE: POST /users with {"commit"=>"Sign up", "utf8"=>"✓", "user"=>{"name"=>"", "password_confirmation"=>"", "password"=>"", "email"=>""}} and HTTP headers {"HTTP_REFERER"=>"/signup"}
REQUESTING PAGE: GET /signup with {} and HTTP headers {}
REQUESTING PAGE: POST /users with {"commit"=>"Sign up", "utf8"=>"✓", "user"=>{"name"=>"", "password_confirmation"=>"", "password"=>"", "email"=>""}} and HTTP headers {"HTTP_REFERER"=>"/signup"}
REQUESTING PAGE: GET /signup with {} and HTTP headers {}
REQUESTING PAGE: POST /users with {"commit"=>"Sign up", "utf8"=>"✓", "user"=>{"name"=>"", "password_confirmation"=>"", "password"=>"", "email"=>""}} and HTTP headers {"HTTP_REFERER"=>"/signup"}
REQUESTING PAGE: GET /signup with {} and HTTP headers {}
REQUESTING PAGE: POST /users with {"commit"=>"Sign up", "utf8"=>"✓", "user"=>{"name"=>"", "password_confirmation"=>"", "password"=>"", "email"=>""}} and HTTP headers {"HTTP_REFERER"=>"/signup"}
REQUESTING PAGE: GET /signup with {} and HTTP headers {}
REQUESTING PAGE: POST /users with {"commit"=>"Sign up", "utf8"=>"✓", "user"=>{"name"=>"", "password_confirmation"=>"", "password"=>"", "email"=>""}} and HTTP headers {"HTTP_REFERER"=>"/signup"}
REQUESTING PAGE: GET /signup with {} and HTTP headers {}
REQUESTING PAGE: POST /users with {"commit"=>"Sign up", "utf8"=>"✓", "user"=>{"name"=>"", "password_confirmation"=>"", "password"=>"", "email"=>""}} and HTTP headers {"HTTP_REFERER"=>"/signup"}
REQUESTING PAGE: GET /signup with {} and HTTP headers {}
REQUESTING PAGE: POST /users with {"commit"=>"Sign up", "utf8"=>"✓", "user"=>{"name"=>"", "password_confirmation"=>"", "password"=>"", "email"=>""}} and HTTP headers {"HTTP_REFERER"=>"/signup"}
REQUESTING PAGE: GET /signup with {} and HTTP headers {}
REQUESTING PAGE: POST /users with {"commit"=>"Sign up", "utf8"=>"✓", "user"=>{"name"=>"", "password_confirmation"=>"", "password"=>"", "email"=>""}} and HTTP headers {"HTTP_REFERER"=>"/signup"}
REQUESTING PAGE: GET /signup with {} and HTTP headers {}
REQUESTING PAGE: POST /users with {"commit"=>"Sign up", "utf8"=>"✓", "user"=>{"name"=>"Example User", "password_confirmation"=>"foobar", "password"=>"foobar", "email"=>"user@example.com"}} and HTTP headers {"HTTP_REFERER"=>"/signup"}
REQUESTING PAGE: GET http://www.example.com/users/1 with {} and HTTP headers {"HTTP_REFERER"=>"/users"}
